<?xml version="1.0" encoding="UTF-8"?>
<!-- Generated by org.testng.reporters.JUnitXMLReporter -->
<testsuite ignored="0" hostname="PravSpan" failures="0" tests="3" name="Default test" time="10.462" errors="0" timestamp="2024-06-28T16:57:05 IST">
  <testcase classname="com.testcases.TC_ValidateMainElements_005" name="test1" time="3.072"/>
  <testcase classname="com.testcases.TC_ValidateMainElements_005" name="test2" time="0.456"/>
  <testcase classname="com.testcases.TC_ValidateMainElements_005" name="test3" time="0.06"/>
</testsuite> <!-- Default test -->
