<?xml version="1.0" encoding="UTF-8"?>
<testng-results ignored="0" total="3" passed="3" failed="0" skipped="0">
  <reporter-output>
  </reporter-output>
  <suite started-at="2024-06-28T16:56:54 IST" name="Default suite" finished-at="2024-06-28T16:57:05 IST" duration-ms="10462">
    <groups>
    </groups>
    <test started-at="2024-06-28T16:56:54 IST" name="Default test" finished-at="2024-06-28T16:57:05 IST" duration-ms="10462">
      <class name="com.testcases.TC_ValidateMainElements_005">
        <test-method is-config="true" signature="setUp()[pri:0, instance:com.testcases.TC_ValidateMainElements_005@4b45a2f5]" started-at="2024-06-28T16:56:54 IST" name="setUp" finished-at="2024-06-28T16:57:00 IST" duration-ms="6141" status="PASS">
          <reporter-output>
          </reporter-output>
        </test-method> <!-- setUp -->
        <test-method signature="test1()[pri:0, instance:com.testcases.TC_ValidateMainElements_005@4b45a2f5]" started-at="2024-06-28T16:57:00 IST" name="test1" finished-at="2024-06-28T16:57:04 IST" duration-ms="3072" status="PASS">
          <reporter-output>
          </reporter-output>
        </test-method> <!-- test1 -->
        <test-method signature="test2()[pri:0, instance:com.testcases.TC_ValidateMainElements_005@4b45a2f5]" started-at="2024-06-28T16:57:04 IST" name="test2" finished-at="2024-06-28T16:57:04 IST" duration-ms="456" status="PASS">
          <reporter-output>
          </reporter-output>
        </test-method> <!-- test2 -->
        <test-method signature="test3()[pri:0, instance:com.testcases.TC_ValidateMainElements_005@4b45a2f5]" started-at="2024-06-28T16:57:04 IST" name="test3" finished-at="2024-06-28T16:57:04 IST" duration-ms="60" status="PASS">
          <reporter-output>
          </reporter-output>
        </test-method> <!-- test3 -->
        <test-method is-config="true" signature="tearDown()[pri:0, instance:com.testcases.TC_ValidateMainElements_005@4b45a2f5]" started-at="2024-06-28T16:57:04 IST" name="tearDown" finished-at="2024-06-28T16:57:05 IST" duration-ms="607" status="PASS">
          <reporter-output>
          </reporter-output>
        </test-method> <!-- tearDown -->
      </class> <!-- com.testcases.TC_ValidateMainElements_005 -->
    </test> <!-- Default test -->
  </suite> <!-- Default suite -->
</testng-results>
